Running: C:\Xilinx\14.7\ISE_DS\ISE\bin\nt64\unwrapped\fuse.exe -intstyle ise -incremental -o F:/UNI/projects/ise/lc lab/counter9999/tb_isim_beh.exe -prj F:/UNI/projects/ise/lc lab/counter9999/tb_beh.prj work.tb 
ISim P.20131013 (signature 0x7708f090)
Number of CPUs detected in this system: 8
Turning on mult-threading, number of parallel sub-compilation jobs: 16 
Determining compilation order of HDL files
Parsing VHDL file "F:/UNI/projects/ise/lc lab/counter9999/cnt9999.vhd" into library work
Parsing VHDL file "F:/UNI/projects/ise/lc lab/counter9999/tb.vhd" into library work
Starting static elaboration
Completed static elaboration
Compiling package standard
Compiling package std_logic_1164
Compiling package std_logic_arith
Compiling package std_logic_unsigned
Compiling package numeric_std
Compiling architecture behavioral of entity cnt9999 [cnt9999_default]
Compiling architecture behavior of entity tb
Time Resolution for simulation is 1ps.
Compiled 8 VHDL Units
Built simulation executable F:/UNI/projects/ise/lc lab/counter9999/tb_isim_beh.exe
Fuse Memory Usage: 37560 KB
Fuse CPU Usage: 484 ms
